logDefer 2023/06/04 19:00:58 Hello there!
logDefer 2023/06/04 19:00:58 Another log entry!
logDefer 2023/06/04 19:00:58 -- FUNCTION one ------
logDefer 2023/06/04 19:00:58 0
logDefer 2023/06/04 19:00:58 1
logDefer 2023/06/04 19:00:58 2
logDefer 2023/06/04 19:00:58 3
logDefer 2023/06/04 19:00:58 4
logDefer 2023/06/04 19:00:58 5
logDefer 2023/06/04 19:00:58 6
logDefer 2023/06/04 19:00:58 7
logDefer 2023/06/04 19:00:58 8
logDefer 2023/06/04 19:00:58 9
logDefer 2023/06/04 19:00:58 -- FUNCTION one ------
logDefer 2023/06/04 19:00:58 ---- FUNCTION two
logDefer 2023/06/04 19:00:58 10
logDefer 2023/06/04 19:00:58 9
logDefer 2023/06/04 19:00:58 8
logDefer 2023/06/04 19:00:58 7
logDefer 2023/06/04 19:00:58 6
logDefer 2023/06/04 19:00:58 5
logDefer 2023/06/04 19:00:58 4
logDefer 2023/06/04 19:00:58 3
logDefer 2023/06/04 19:00:58 2
logDefer 2023/06/04 19:00:58 1
logDefer 2023/06/04 19:00:58 FUNCTION two ------
